<?xml version="1.0" encoding="UTF-8"?>
<!-- Generated by org.testng.reporters.JUnitXMLReporter -->
<testsuite ignored="0" hostname="DESKTOP-DCUKDOL" failures="0" tests="4" name="ChromeTest" time="12.631" errors="0" timestamp="2026-03-04T12:32:59 IST">
  <testcase classname="testNG.Swag_Parameters" name="ValidValidLogin" time="0.786"/>
  <testcase classname="testNG.Swag_Parameters" name="InvalidLogin" time="0.688"/>
  <testcase classname="testNG.Swag_Parameters" name="ValidInvalidLogin" time="0.594"/>
  <testcase classname="testNG.Swag_Parameters" name="InValidvalidLogin" time="1.175"/>
</testsuite> <!-- ChromeTest -->
