<?xml version="1.0" encoding="UTF-8"?>
<!-- Generated by org.testng.reporters.JUnitXMLReporter -->
<testsuite ignored="0" hostname="DESKTOP-DCUKDOL" failures="0" tests="4" name="ChromeTest" time="10.129" errors="0" timestamp="2026-03-04T16:36:39 IST">
  <testcase classname="testNG.Swag_Parameters" name="ValidValidLogin" time="0.598"/>
  <testcase classname="testNG.Swag_Parameters" name="InvalidLogin" time="0.429"/>
  <testcase classname="testNG.Swag_Parameters" name="ValidInvalidLogin" time="0.424"/>
  <testcase classname="testNG.Swag_Parameters" name="InValidvalidLogin" time="0.481"/>
</testsuite> <!-- ChromeTest -->
