<?xml version="1.0" encoding="UTF-8"?>
<!-- Generated by org.testng.reporters.JUnitXMLReporter -->
<testsuite ignored="0" hostname="DESKTOP-DCUKDOL" failures="0" tests="4" name="EdgeTest" time="13.099" errors="0" timestamp="2026-03-04T12:33:12 IST">
  <testcase classname="testNG.Swag_Parameters" name="ValidValidLogin" time="0.743"/>
  <testcase classname="testNG.Swag_Parameters" name="InvalidLogin" time="0.566"/>
  <testcase classname="testNG.Swag_Parameters" name="ValidInvalidLogin" time="0.533"/>
  <testcase classname="testNG.Swag_Parameters" name="InValidvalidLogin" time="0.579"/>
</testsuite> <!-- EdgeTest -->
