<?xml version="1.0" encoding="UTF-8"?>
<!-- Generated by org.testng.reporters.JUnitXMLReporter -->
<testsuite ignored="0" hostname="DESKTOP-DCUKDOL" failures="0" tests="4" name="EdgeTest" time="14.973" errors="0" timestamp="2026-03-08T18:26:25 IST">
  <testcase classname="testNG.Swag_Parameters" name="InvalidLogin" time="0.441"/>
  <testcase classname="testNG.Swag_Parameters" name="ValidInvalidLogin" time="0.365"/>
  <testcase classname="testNG.Swag_Parameters" name="InValidvalidLogin" time="0.002">
    <skipped/>
  </testcase> <!-- InValidvalidLogin -->
  <testcase classname="testNG.Swag_Parameters" name="ValidValidLogin" time="0.0">
    <skipped/>
  </testcase> <!-- ValidValidLogin -->
</testsuite> <!-- EdgeTest -->
