<?xml version="1.0" encoding="UTF-8"?>
<!-- Generated by org.testng.reporters.JUnitXMLReporter -->
<testsuite ignored="0" hostname="DESKTOP-DCUKDOL" failures="0" tests="4" name="FireFoxTest" time="37.836" errors="0" timestamp="2026-03-04T16:37:27 IST">
  <testcase classname="testNG.Swag_Parameters" name="ValidValidLogin" time="0.403"/>
  <testcase classname="testNG.Swag_Parameters" name="InvalidLogin" time="0.607"/>
  <testcase classname="testNG.Swag_Parameters" name="ValidInvalidLogin" time="0.678"/>
  <testcase classname="testNG.Swag_Parameters" name="InValidvalidLogin" time="0.379"/>
</testsuite> <!-- FireFoxTest -->
