<?xml version="1.0" encoding="UTF-8"?>
<!-- Generated by org.testng.reporters.JUnitXMLReporter -->
<testsuite ignored="0" hostname="DESKTOP-DCUKDOL" failures="2" tests="4" name="FireFoxTest" time="32.764" errors="0" timestamp="2026-03-11T12:48:17 IST">
  <testcase classname="testNG.Swag_Parameters" name="InValidvalidLogin" time="0.871"/>
  <testcase classname="testNG.Swag_Parameters" name="InvalidLogin" time="1.317"/>
  <testcase classname="testNG.Swag_Parameters" name="ValidValidLogin" time="0.991">
    <failure type="java.lang.AssertionError" message="The following asserts failed:
	expected [https://www.saucedemo.com/inventory.html] but found [https://www.saucedemo.com/]">
      <![CDATA[java.lang.AssertionError: The following asserts failed:
expected [https://www.saucedemo.com/inventory.html] but found [https://www.saucedemo.com/]
at testNG.Swag_Parameters.ValidValidLogin(Swag_Parameters.java:27)
at java.base/java.util.concurrent.Executors$RunnableAdapter.call(Executors.java:545)
at java.base/java.util.concurrent.FutureTask.run(FutureTask.java:328)
at java.base/java.util.concurrent.ThreadPoolExecutor.runWorker(ThreadPoolExecutor.java:1090)
at java.base/java.util.concurrent.ThreadPoolExecutor$Worker.run(ThreadPoolExecutor.java:614)
at java.base/java.lang.Thread.run(Thread.java:1474)
... Removed 13 stack frames]]>
    </failure>
  </testcase> <!-- ValidValidLogin -->
  <testcase classname="testNG.Swag_Parameters" name="ValidInvalidLogin" time="0.569">
    <failure type="java.lang.AssertionError" message="The following asserts failed:
	expected [https://www.saucedemo.com/inventory.html] but found [https://www.saucedemo.com/]">
      <![CDATA[java.lang.AssertionError: The following asserts failed:
expected [https://www.saucedemo.com/inventory.html] but found [https://www.saucedemo.com/]
at testNG.Swag_Parameters.ValidInvalidLogin(Swag_Parameters.java:66)
at java.base/java.util.concurrent.Executors$RunnableAdapter.call(Executors.java:545)
at java.base/java.util.concurrent.FutureTask.run(FutureTask.java:328)
at java.base/java.util.concurrent.ThreadPoolExecutor.runWorker(ThreadPoolExecutor.java:1090)
at java.base/java.util.concurrent.ThreadPoolExecutor$Worker.run(ThreadPoolExecutor.java:614)
at java.base/java.lang.Thread.run(Thread.java:1474)
... Removed 13 stack frames]]>
    </failure>
  </testcase> <!-- ValidInvalidLogin -->
</testsuite> <!-- FireFoxTest -->
