<?xml version="1.0" encoding="UTF-8"?>
<!-- Generated by org.testng.reporters.JUnitXMLReporter -->
<testsuite ignored="1" hostname="DESKTOP-DCUKDOL" failures="0" tests="11" name="Default test" time="0.08" errors="0" timestamp="2026-02-26T12:55:20 IST">
  <testcase classname="testNG.SampaleTestNG" name="India" time="0.016"/>
  <testcase classname="testNG.SampaleTestNG" name="Hyderabad" time="0.001"/>
  <testcase classname="testNG.SampaleTestNG" name="Ameerpet" time="0.001"/>
  <testcase classname="testNG.SampaleTestNG" name="Ameerpet" time="0.0"/>
  <testcase classname="testNG.SampaleTestNG" name="Ameerpet" time="0.0"/>
  <testcase classname="testNG.SampaleTestNG" name="Ameerpet" time="0.001"/>
  <testcase classname="testNG.SampaleTestNG" name="Ameerpet" time="0.0"/>
  <testcase classname="testNG.SampaleTestNG" name="Ameerpet" time="0.001"/>
  <testcase classname="testNG.SampaleTestNG" name="Ameerpet" time="0.001"/>
  <testcase classname="testNG.SampaleTestNG" name="Ameerpet" time="0.001"/>
  <testcase classname="testNG.SampaleTestNG" name="Ameerpet" time="0.001"/>
  <testcase classname="testNG.SampaleTestNG" name="Telangana" time="0.0">
    <ignored/>
  </testcase> <!-- Telangana -->
</testsuite> <!-- Default test -->
