<?xml version="1.0" encoding="UTF-8"?>
<!-- Generated by org.testng.reporters.JUnitXMLReporter -->
<testsuite ignored="1" hostname="DESKTOP-DCUKDOL" failures="0" tests="1" name="Default test" time="3.871" errors="0" timestamp="2026-02-27T12:59:48 IST">
  <testcase classname="testNG.SwagLabsLogin_TestNG" name="Swag_ValidLogin" time="1.194"/>
  <testcase classname="testNG.SwagLabsLogin_TestNG" name="Swag_InvalidLogin" time="0.0">
    <ignored/>
  </testcase> <!-- Swag_InvalidLogin -->
</testsuite> <!-- Default test -->
