<?xml version="1.0" encoding="UTF-8"?>
<!-- Generated by org.testng.reporters.JUnitXMLReporter -->
<testsuite ignored="5" hostname="DESKTOP-DCUKDOL" failures="0" tests="1" name="GTest" time="0.062" errors="0" timestamp="2026-03-17T12:48:31 IST">
  <testcase classname="testNG.TestNg_Groups" name="CheckoutTest" time="0.015"/>
  <testcase classname="testNG.TestNg_Groups" name="SearchTest" time="0.0">
    <ignored/>
  </testcase> <!-- SearchTest -->
  <testcase classname="testNG.TestNg_Groups" name="TitleVerification" time="0.0">
    <ignored/>
  </testcase> <!-- TitleVerification -->
  <testcase classname="testNG.TestNg_Groups" name="LoginTest" time="0.0">
    <ignored/>
  </testcase> <!-- LoginTest -->
  <testcase classname="testNG.TestNg_Groups" name="PaymentTest" time="0.0">
    <ignored/>
  </testcase> <!-- PaymentTest -->
  <testcase classname="testNG.TestNg_Groups" name="AddToCartTest" time="0.0">
    <ignored/>
  </testcase> <!-- AddToCartTest -->
</testsuite> <!-- GTest -->
