<?xml version="1.0" encoding="UTF-8"?>
<!-- Generated by org.testng.reporters.JUnitXMLReporter -->
<testsuite ignored="0" hostname="DESKTOP-DCUKDOL" failures="1" tests="1" name="SwagValidInvalidTest(failed)(failed)" time="2.763" errors="0" timestamp="2026-03-03T12:25:41 IST">
  <testcase classname="testNGSuit.Swag_InValidInValid" name="Swag_InValidInValidLogin" time="0.692">
    <failure type="java.lang.AssertionError" message="The following asserts failed:
	Error message does not match the expected message. expected [Epic sadface: Username and password do not match any user in this service] but found [Epic sadface: Username and password do not match any user in this serv]">
      <![CDATA[java.lang.AssertionError: The following asserts failed:
Error message does not match the expected message. expected [Epic sadface: Username and password do not match any user in this service] but found [Epic sadface: Username and password do not match any user in this serv]
at testNGSuit.Swag_InValidInValid.Swag_InValidInValidLogin(Swag_InValidInValid.java:40)
at java.base/java.util.ArrayList.forEach(ArrayList.java:1604)
... Removed 27 stack frames]]>
    </failure>
  </testcase> <!-- Swag_InValidInValidLogin -->
</testsuite> <!-- SwagValidInvalidTest(failed)(failed) -->
