<?xml version="1.0" encoding="UTF-8"?>
<testng-results ignored="0" total="1" passed="1" failed="0" skipped="0">
  <reporter-output>
  </reporter-output>
  <suite started-at="2026-03-10T12:54:40 IST" name="Default suite" finished-at="2026-03-10T12:54:46 IST" duration-ms="6621">
    <groups>
    </groups>
    <test started-at="2026-03-10T12:54:40 IST" name="Default test" finished-at="2026-03-10T12:54:46 IST" duration-ms="6621">
      <class name="sampleSeleniumScripts.TittleVerification_TestNG">
        <test-method signature="verifyTittle()[pri:0, instance:sampleSeleniumScripts.TittleVerification_TestNG@9225652]" started-at="2026-03-10T12:54:40 IST" name="verifyTittle" finished-at="2026-03-10T12:54:46 IST" duration-ms="6528" status="PASS">
          <reporter-output>
          </reporter-output>
        </test-method> <!-- verifyTittle -->
      </class> <!-- sampleSeleniumScripts.TittleVerification_TestNG -->
    </test> <!-- Default test -->
  </suite> <!-- Default suite -->
</testng-results>
