<?xml version="1.0" encoding="UTF-8"?>
<testng-results ignored="0" total="9" passed="9" failed="0" skipped="0">
  <reporter-output>
  </reporter-output>
  <suite started-at="2026-03-11T12:38:36 IST" name="Default suite" finished-at="2026-03-11T12:38:58 IST" duration-ms="21710">
    <groups>
    </groups>
    <test started-at="2026-03-11T12:38:36 IST" name="Default test" finished-at="2026-03-11T12:38:58 IST" duration-ms="21710">
      <class name="testClass.TestRunnerClass">
        <test-method is-config="true" signature="browserLaunch()[pri:0, instance:testClass.TestRunnerClass@3835c46]" started-at="2026-03-11T12:38:37 IST" name="browserLaunch" finished-at="2026-03-11T12:38:40 IST" duration-ms="3539" status="PASS">
          <reporter-output>
          </reporter-output>
        </test-method> <!-- browserLaunch -->
        <test-method signature="loginTest(java.lang.String,java.lang.String)[pri:0, instance:testClass.TestRunnerClass@3835c46]" started-at="2026-03-11T12:38:40 IST" name="loginTest" data-provider="loginData" finished-at="2026-03-11T12:38:41 IST" duration-ms="527" status="PASS">
          <params>
            <param index="0">
              <value>
                <![CDATA[standard_user]]>
              </value>
            </param>
            <param index="1">
              <value>
                <![CDATA[secret_sauce]]>
              </value>
            </param>
          </params>
          <reporter-output>
          </reporter-output>
        </test-method> <!-- loginTest -->
        <test-method is-config="true" signature="closeBrowser()[pri:0, instance:testClass.TestRunnerClass@3835c46]" started-at="2026-03-11T12:38:41 IST" name="closeBrowser" finished-at="2026-03-11T12:38:41 IST" duration-ms="342" status="PASS">
          <reporter-output>
          </reporter-output>
        </test-method> <!-- closeBrowser -->
        <test-method is-config="true" signature="browserLaunch()[pri:0, instance:testClass.TestRunnerClass@3835c46]" started-at="2026-03-11T12:38:41 IST" name="browserLaunch" finished-at="2026-03-11T12:38:43 IST" duration-ms="1266" status="PASS">
          <reporter-output>
          </reporter-output>
        </test-method> <!-- browserLaunch -->
        <test-method signature="loginTest(java.lang.String,java.lang.String)[pri:0, instance:testClass.TestRunnerClass@3835c46]" started-at="2026-03-11T12:38:43 IST" name="loginTest" data-provider="loginData" finished-at="2026-03-11T12:38:43 IST" duration-ms="350" status="PASS">
          <params>
            <param index="0">
              <value>
                <![CDATA[standard_user]]>
              </value>
            </param>
            <param index="1">
              <value>
                <![CDATA[invalidpassword]]>
              </value>
            </param>
          </params>
          <reporter-output>
          </reporter-output>
        </test-method> <!-- loginTest -->
        <test-method is-config="true" signature="closeBrowser()[pri:0, instance:testClass.TestRunnerClass@3835c46]" started-at="2026-03-11T12:38:43 IST" name="closeBrowser" finished-at="2026-03-11T12:38:43 IST" duration-ms="209" status="PASS">
          <reporter-output>
          </reporter-output>
        </test-method> <!-- closeBrowser -->
        <test-method is-config="true" signature="browserLaunch()[pri:0, instance:testClass.TestRunnerClass@3835c46]" started-at="2026-03-11T12:38:43 IST" name="browserLaunch" finished-at="2026-03-11T12:38:44 IST" duration-ms="1232" status="PASS">
          <reporter-output>
          </reporter-output>
        </test-method> <!-- browserLaunch -->
        <test-method signature="loginTest(java.lang.String,java.lang.String)[pri:0, instance:testClass.TestRunnerClass@3835c46]" started-at="2026-03-11T12:38:44 IST" name="loginTest" data-provider="loginData" finished-at="2026-03-11T12:38:45 IST" duration-ms="363" status="PASS">
          <params>
            <param index="0">
              <value>
                <![CDATA[abcdefgh]]>
              </value>
            </param>
            <param index="1">
              <value>
                <![CDATA[secret_sauce]]>
              </value>
            </param>
          </params>
          <reporter-output>
          </reporter-output>
        </test-method> <!-- loginTest -->
        <test-method is-config="true" signature="closeBrowser()[pri:0, instance:testClass.TestRunnerClass@3835c46]" started-at="2026-03-11T12:38:45 IST" name="closeBrowser" finished-at="2026-03-11T12:38:45 IST" duration-ms="242" status="PASS">
          <reporter-output>
          </reporter-output>
        </test-method> <!-- closeBrowser -->
        <test-method is-config="true" signature="browserLaunch()[pri:0, instance:testClass.TestRunnerClass@3835c46]" started-at="2026-03-11T12:38:45 IST" name="browserLaunch" finished-at="2026-03-11T12:38:46 IST" duration-ms="1556" status="PASS">
          <reporter-output>
          </reporter-output>
        </test-method> <!-- browserLaunch -->
        <test-method signature="loginTest(java.lang.String,java.lang.String)[pri:0, instance:testClass.TestRunnerClass@3835c46]" started-at="2026-03-11T12:38:46 IST" name="loginTest" data-provider="loginData" finished-at="2026-03-11T12:38:47 IST" duration-ms="459" status="PASS">
          <params>
            <param index="0">
              <value>
                <![CDATA[invalisusername]]>
              </value>
            </param>
            <param index="1">
              <value>
                <![CDATA[invalidpwd]]>
              </value>
            </param>
          </params>
          <reporter-output>
          </reporter-output>
        </test-method> <!-- loginTest -->
        <test-method is-config="true" signature="closeBrowser()[pri:0, instance:testClass.TestRunnerClass@3835c46]" started-at="2026-03-11T12:38:47 IST" name="closeBrowser" finished-at="2026-03-11T12:38:47 IST" duration-ms="220" status="PASS">
          <reporter-output>
          </reporter-output>
        </test-method> <!-- closeBrowser -->
        <test-method is-config="true" signature="browserLaunch()[pri:0, instance:testClass.TestRunnerClass@3835c46]" started-at="2026-03-11T12:38:47 IST" name="browserLaunch" finished-at="2026-03-11T12:38:49 IST" duration-ms="1484" status="PASS">
          <reporter-output>
          </reporter-output>
        </test-method> <!-- browserLaunch -->
        <test-method signature="loginTest(java.lang.String,java.lang.String)[pri:0, instance:testClass.TestRunnerClass@3835c46]" started-at="2026-03-11T12:38:49 IST" name="loginTest" data-provider="loginData" finished-at="2026-03-11T12:38:49 IST" duration-ms="421" status="PASS">
          <params>
            <param index="0">
              <value>
                <![CDATA[]]>
              </value>
            </param>
            <param index="1">
              <value>
                <![CDATA[secret_sauce]]>
              </value>
            </param>
          </params>
          <reporter-output>
          </reporter-output>
        </test-method> <!-- loginTest -->
        <test-method is-config="true" signature="closeBrowser()[pri:0, instance:testClass.TestRunnerClass@3835c46]" started-at="2026-03-11T12:38:49 IST" name="closeBrowser" finished-at="2026-03-11T12:38:49 IST" duration-ms="219" status="PASS">
          <reporter-output>
          </reporter-output>
        </test-method> <!-- closeBrowser -->
        <test-method is-config="true" signature="browserLaunch()[pri:0, instance:testClass.TestRunnerClass@3835c46]" started-at="2026-03-11T12:38:49 IST" name="browserLaunch" finished-at="2026-03-11T12:38:51 IST" duration-ms="1480" status="PASS">
          <reporter-output>
          </reporter-output>
        </test-method> <!-- browserLaunch -->
        <test-method signature="loginTest(java.lang.String,java.lang.String)[pri:0, instance:testClass.TestRunnerClass@3835c46]" started-at="2026-03-11T12:38:51 IST" name="loginTest" data-provider="loginData" finished-at="2026-03-11T12:38:51 IST" duration-ms="391" status="PASS">
          <params>
            <param index="0">
              <value>
                <![CDATA[]]>
              </value>
            </param>
            <param index="1">
              <value>
                <![CDATA[invalidpassword]]>
              </value>
            </param>
          </params>
          <reporter-output>
          </reporter-output>
        </test-method> <!-- loginTest -->
        <test-method is-config="true" signature="closeBrowser()[pri:0, instance:testClass.TestRunnerClass@3835c46]" started-at="2026-03-11T12:38:51 IST" name="closeBrowser" finished-at="2026-03-11T12:38:51 IST" duration-ms="268" status="PASS">
          <reporter-output>
          </reporter-output>
        </test-method> <!-- closeBrowser -->
        <test-method is-config="true" signature="browserLaunch()[pri:0, instance:testClass.TestRunnerClass@3835c46]" started-at="2026-03-11T12:38:51 IST" name="browserLaunch" finished-at="2026-03-11T12:38:52 IST" duration-ms="973" status="PASS">
          <reporter-output>
          </reporter-output>
        </test-method> <!-- browserLaunch -->
        <test-method signature="loginTest(java.lang.String,java.lang.String)[pri:0, instance:testClass.TestRunnerClass@3835c46]" started-at="2026-03-11T12:38:52 IST" name="loginTest" data-provider="loginData" finished-at="2026-03-11T12:38:53 IST" duration-ms="833" status="PASS">
          <params>
            <param index="0">
              <value>
                <![CDATA[standard_user]]>
              </value>
            </param>
            <param index="1">
              <value>
                <![CDATA[]]>
              </value>
            </param>
          </params>
          <reporter-output>
          </reporter-output>
        </test-method> <!-- loginTest -->
        <test-method is-config="true" signature="closeBrowser()[pri:0, instance:testClass.TestRunnerClass@3835c46]" started-at="2026-03-11T12:38:53 IST" name="closeBrowser" finished-at="2026-03-11T12:38:54 IST" duration-ms="305" status="PASS">
          <reporter-output>
          </reporter-output>
        </test-method> <!-- closeBrowser -->
        <test-method is-config="true" signature="browserLaunch()[pri:0, instance:testClass.TestRunnerClass@3835c46]" started-at="2026-03-11T12:38:54 IST" name="browserLaunch" finished-at="2026-03-11T12:38:55 IST" duration-ms="1362" status="PASS">
          <reporter-output>
          </reporter-output>
        </test-method> <!-- browserLaunch -->
        <test-method signature="loginTest(java.lang.String,java.lang.String)[pri:0, instance:testClass.TestRunnerClass@3835c46]" started-at="2026-03-11T12:38:55 IST" name="loginTest" data-provider="loginData" finished-at="2026-03-11T12:38:55 IST" duration-ms="383" status="PASS">
          <params>
            <param index="0">
              <value>
                <![CDATA[invalisusername]]>
              </value>
            </param>
            <param index="1">
              <value>
                <![CDATA[]]>
              </value>
            </param>
          </params>
          <reporter-output>
          </reporter-output>
        </test-method> <!-- loginTest -->
        <test-method is-config="true" signature="closeBrowser()[pri:0, instance:testClass.TestRunnerClass@3835c46]" started-at="2026-03-11T12:38:55 IST" name="closeBrowser" finished-at="2026-03-11T12:38:56 IST" duration-ms="286" status="PASS">
          <reporter-output>
          </reporter-output>
        </test-method> <!-- closeBrowser -->
        <test-method is-config="true" signature="browserLaunch()[pri:0, instance:testClass.TestRunnerClass@3835c46]" started-at="2026-03-11T12:38:56 IST" name="browserLaunch" finished-at="2026-03-11T12:38:57 IST" duration-ms="1424" status="PASS">
          <reporter-output>
          </reporter-output>
        </test-method> <!-- browserLaunch -->
        <test-method signature="loginTest(java.lang.String,java.lang.String)[pri:0, instance:testClass.TestRunnerClass@3835c46]" started-at="2026-03-11T12:38:57 IST" name="loginTest" data-provider="loginData" finished-at="2026-03-11T12:38:57 IST" duration-ms="373" status="PASS">
          <params>
            <param index="0">
              <value>
                <![CDATA[]]>
              </value>
            </param>
            <param index="1">
              <value>
                <![CDATA[]]>
              </value>
            </param>
          </params>
          <reporter-output>
          </reporter-output>
        </test-method> <!-- loginTest -->
        <test-method is-config="true" signature="closeBrowser()[pri:0, instance:testClass.TestRunnerClass@3835c46]" started-at="2026-03-11T12:38:57 IST" name="closeBrowser" finished-at="2026-03-11T12:38:58 IST" duration-ms="244" status="PASS">
          <reporter-output>
          </reporter-output>
        </test-method> <!-- closeBrowser -->
      </class> <!-- testClass.TestRunnerClass -->
    </test> <!-- Default test -->
  </suite> <!-- Default suite -->
</testng-results>
