<?xml version="1.0" encoding="UTF-8"?>
<!-- Generated by org.testng.reporters.JUnitXMLReporter -->
<testsuite ignored="0" hostname="DESKTOP-DCUKDOL" failures="0" tests="9" name="Default test" time="21.71" errors="0" timestamp="2026-03-11T12:38:58 IST">
  <testcase classname="testClass.TestRunnerClass" name="loginTest" time="0.527"/>
  <testcase classname="testClass.TestRunnerClass" name="loginTest" time="0.35"/>
  <testcase classname="testClass.TestRunnerClass" name="loginTest" time="0.363"/>
  <testcase classname="testClass.TestRunnerClass" name="loginTest" time="0.459"/>
  <testcase classname="testClass.TestRunnerClass" name="loginTest" time="0.421"/>
  <testcase classname="testClass.TestRunnerClass" name="loginTest" time="0.391"/>
  <testcase classname="testClass.TestRunnerClass" name="loginTest" time="0.833"/>
  <testcase classname="testClass.TestRunnerClass" name="loginTest" time="0.383"/>
  <testcase classname="testClass.TestRunnerClass" name="loginTest" time="0.373"/>
</testsuite> <!-- Default test -->
