<?xml version="1.0" encoding="UTF-8"?>
<!-- Generated by org.testng.reporters.JUnitXMLReporter -->
<testsuite ignored="0" hostname="DESKTOP-DCUKDOL" failures="0" tests="9" name="Default test" time="20.856" errors="0" timestamp="2026-03-12T18:00:38 IST">
  <testcase classname="testClass.TestRunnerClass" name="loginTest" time="0.624"/>
  <testcase classname="testClass.TestRunnerClass" name="loginTest" time="0.43"/>
  <testcase classname="testClass.TestRunnerClass" name="loginTest" time="0.447"/>
  <testcase classname="testClass.TestRunnerClass" name="loginTest" time="0.429"/>
  <testcase classname="testClass.TestRunnerClass" name="loginTest" time="0.361"/>
  <testcase classname="testClass.TestRunnerClass" name="loginTest" time="0.372"/>
  <testcase classname="testClass.TestRunnerClass" name="loginTest" time="0.377"/>
  <testcase classname="testClass.TestRunnerClass" name="loginTest" time="0.403"/>
  <testcase classname="testClass.TestRunnerClass" name="loginTest" time="0.334"/>
</testsuite> <!-- Default test -->
