<?xml version="1.0" encoding="UTF-8"?>
<!-- Generated by org.testng.reporters.JUnitXMLReporter -->
<testsuite ignored="0" hostname="DESKTOP-DCUKDOL" failures="1" tests="4" name="SwagValidInvalidTest" time="9.288" errors="0" timestamp="2026-03-03T12:23:32 IST">
  <testcase classname="testNGSuit.Swag_ValidValid" name="Swag_ValidValidLogin" time="0.501"/>
  <testcase classname="testNGSuit.Swag_ValidInValid" name="Swag_ValidInValidLogin" time="0.338"/>
  <testcase classname="testNGSuit.Swag_InValidValid" name="Swag_InValidValidLogin" time="0.346"/>
  <testcase classname="testNGSuit.Swag_InValidInValid" name="Swag_InValidInValidLogin" time="0.641">
    <failure type="java.lang.AssertionError" message="The following asserts failed:
	Error message does not match the expected message. expected [Epic sadface: Username and password do not match any user in this service] but found [Epic sadface: Username and password do not match any user in this serv]">
      <![CDATA[java.lang.AssertionError: The following asserts failed:
Error message does not match the expected message. expected [Epic sadface: Username and password do not match any user in this service] but found [Epic sadface: Username and password do not match any user in this serv]
at testNGSuit.Swag_InValidInValid.Swag_InValidInValidLogin(Swag_InValidInValid.java:40)
at java.base/java.util.ArrayList.forEach(ArrayList.java:1604)
... Removed 27 stack frames]]>
    </failure>
  </testcase> <!-- Swag_InValidInValidLogin -->
</testsuite> <!-- SwagValidInvalidTest -->
