<?xml version="1.0" encoding="UTF-8"?>
<!-- Generated by org.testng.reporters.JUnitXMLReporter -->
<testsuite ignored="0" hostname="DESKTOP-DCUKDOL" failures="1" tests="4" name="SwagValidInvalidTest" time="14.545" errors="0" timestamp="2026-03-11T17:42:01 IST">
  <testcase classname="testNGSuit.Swag_ValidValid" name="Swag_ValidValidLogin" time="0.586"/>
  <testcase classname="testNGSuit.Swag_ValidInValid" name="Swag_ValidInValidLogin" time="0.659"/>
  <testcase classname="testNGSuit.Swag_InValidValid" name="Swag_InValidValidLogin" time="0.615"/>
  <testcase classname="testNGSuit.Swag_InValidInValid" name="Swag_InValidInValidLogin" time="0.475">
    <failure type="java.lang.AssertionError" message="The following asserts failed:
	Error message does not match the expected message. expected [Epic sadface: Username and password do not match any user in this service] but found [Epic sadface: Username and password do not match any user in this serv]">
      <![CDATA[java.lang.AssertionError: The following asserts failed:
Error message does not match the expected message. expected [Epic sadface: Username and password do not match any user in this service] but found [Epic sadface: Username and password do not match any user in this serv]
at testNGSuit.Swag_InValidInValid.Swag_InValidInValidLogin(Swag_InValidInValid.java:40)
at java.base/java.util.ArrayList.forEach(ArrayList.java:1604)
at java.base/java.util.concurrent.FutureTask.run(FutureTask.java:328)
at java.base/java.util.concurrent.ThreadPoolExecutor.runWorker(ThreadPoolExecutor.java:1090)
at java.base/java.util.concurrent.ThreadPoolExecutor$Worker.run(ThreadPoolExecutor.java:614)
at java.base/java.lang.Thread.run(Thread.java:1474)
... Removed 17 stack frames]]>
    </failure>
  </testcase> <!-- Swag_InValidInValidLogin -->
</testsuite> <!-- SwagValidInvalidTest -->
