<?xml version="1.0" encoding="UTF-8"?>
<testng-results ignored="5" total="6" passed="1" failed="0" skipped="0">
  <reporter-output>
  </reporter-output>
  <suite started-at="2026-03-17T12:48:31 IST" name="GSuite" finished-at="2026-03-17T12:48:31 IST" duration-ms="62">
    <groups>
      <group name="Sanity">
        <method signature="TestNg_Groups.CheckoutTest()[pri:0, instance:testNG.TestNg_Groups@188715b5]" name="CheckoutTest" class="testNG.TestNg_Groups"/>
      </group> <!-- Sanity -->
    </groups>
    <test started-at="2026-03-17T12:48:31 IST" name="GTest" finished-at="2026-03-17T12:48:31 IST" duration-ms="62">
      <class name="testNG.TestNg_Groups">
        <test-method signature="CheckoutTest()[pri:0, instance:testNG.TestNg_Groups@188715b5]" started-at="2026-03-17T12:48:31 IST" name="CheckoutTest" finished-at="2026-03-17T12:48:31 IST" duration-ms="15" status="PASS">
          <reporter-output>
          </reporter-output>
        </test-method> <!-- CheckoutTest -->
      </class> <!-- testNG.TestNg_Groups -->
    </test> <!-- GTest -->
  </suite> <!-- GSuite -->
</testng-results>
