<?xml version="1.0" encoding="UTF-8"?>
<!-- Generated by org.testng.reporters.JUnitReportReporter -->
<testsuite hostname="DESKTOP-DCUKDOL" failures="0" tests="7" name="testNG.AllTestCases_Data_Provider_TestNG" time="69.419" errors="0" timestamp="2026-03-06T12:54:28 IST" skipped="0">
  <testcase classname="testNG.AllTestCases_Data_Provider_TestNG" name="SwagLabsLogin" time="9.285"/>
  <testcase classname="testNG.AllTestCases_Data_Provider_TestNG" name="SwagLabsLogin" time="9.288"/>
  <testcase classname="testNG.AllTestCases_Data_Provider_TestNG" name="SwagLabsLogin" time="11.215"/>
  <testcase classname="testNG.AllTestCases_Data_Provider_TestNG" name="SwagLabsLogin" time="9.712"/>
  <testcase classname="testNG.AllTestCases_Data_Provider_TestNG" name="SwagLabsLogin" time="9.184"/>
  <testcase classname="testNG.AllTestCases_Data_Provider_TestNG" name="SwagLabsLogin" time="11.075"/>
  <testcase classname="testNG.AllTestCases_Data_Provider_TestNG" name="SwagLabsLogin" time="9.660"/>
</testsuite> <!-- testNG.AllTestCases_Data_Provider_TestNG -->
