<?xml version="1.0" encoding="UTF-8"?>
<!-- Generated by org.testng.reporters.JUnitReportReporter -->
<testsuite hostname="DESKTOP-DCUKDOL" failures="0" tests="7" name="test.AllTestCases_Data_Provider_TestNG" time="100.602" errors="0" timestamp="2026-03-06T09:26:29 IST" skipped="0">
  <testcase classname="test.AllTestCases_Data_Provider_TestNG" name="SwagLabsLogin" time="14.294"/>
  <testcase classname="test.AllTestCases_Data_Provider_TestNG" name="SwagLabsLogin" time="16.096"/>
  <testcase classname="test.AllTestCases_Data_Provider_TestNG" name="SwagLabsLogin" time="14.149"/>
  <testcase classname="test.AllTestCases_Data_Provider_TestNG" name="SwagLabsLogin" time="13.738"/>
  <testcase classname="test.AllTestCases_Data_Provider_TestNG" name="SwagLabsLogin" time="14.229"/>
  <testcase classname="test.AllTestCases_Data_Provider_TestNG" name="SwagLabsLogin" time="14.141"/>
  <testcase classname="test.AllTestCases_Data_Provider_TestNG" name="SwagLabsLogin" time="13.955"/>
</testsuite> <!-- test.AllTestCases_Data_Provider_TestNG -->
