<?xml version="1.0" encoding="UTF-8"?>
<!-- Generated by org.testng.reporters.JUnitReportReporter -->
<testsuite hostname="DESKTOP-DCUKDOL" failures="0" tests="2" name="testNG.SwagLabsLogin_TestNG" time="3.809" errors="0" timestamp="2026-02-27T12:59:49 IST" skipped="1">
  <testcase classname="testNG.SwagLabsLogin_TestNG" name="Swag_ValidLogin" time="3.809"/>
  <testcase classname="testNG.SwagLabsLogin_TestNG" name="Swag_InvalidLogin">
    <skipped/>
  </testcase> <!-- Swag_InvalidLogin -->
</testsuite> <!-- testNG.SwagLabsLogin_TestNG -->
