<?xml version="1.0" encoding="UTF-8"?>
<!-- Generated by org.testng.reporters.JUnitReportReporter -->
<testsuite hostname="DESKTOP-DCUKDOL" failures="0" tests="7" name="test.AllTestCases_Data_Provider_TestNG" time="134.451" errors="0" timestamp="2026-03-04T15:20:00 IST" skipped="0">
  <testcase classname="test.AllTestCases_Data_Provider_TestNG" name="SwagLabsLogin" time="18.644"/>
  <testcase classname="test.AllTestCases_Data_Provider_TestNG" name="SwagLabsLogin" time="19.027"/>
  <testcase classname="test.AllTestCases_Data_Provider_TestNG" name="SwagLabsLogin" time="18.936"/>
  <testcase classname="test.AllTestCases_Data_Provider_TestNG" name="SwagLabsLogin" time="18.799"/>
  <testcase classname="test.AllTestCases_Data_Provider_TestNG" name="SwagLabsLogin" time="19.387"/>
  <testcase classname="test.AllTestCases_Data_Provider_TestNG" name="SwagLabsLogin" time="19.188"/>
  <testcase classname="test.AllTestCases_Data_Provider_TestNG" name="SwagLabsLogin" time="20.470"/>
</testsuite> <!-- test.AllTestCases_Data_Provider_TestNG -->
