<?xml version="1.0" encoding="UTF-8"?>
<!-- Generated by org.testng.reporters.JUnitReportReporter -->
<testsuite hostname="DESKTOP-DCUKDOL" failures="0" tests="9" name="dataDrivenFrameWork.SwagTestData_ExcelSheets" time="23.716" errors="0" timestamp="2026-03-09T12:13:12 IST" skipped="0">
  <testcase classname="dataDrivenFrameWork.SwagTestData_ExcelSheets" name="SwagLabsLogin" time="2.168"/>
  <testcase classname="dataDrivenFrameWork.SwagTestData_ExcelSheets" name="SwagLabsLogin" time="2.884"/>
  <testcase classname="dataDrivenFrameWork.SwagTestData_ExcelSheets" name="SwagLabsLogin" time="2.211"/>
  <testcase classname="dataDrivenFrameWork.SwagTestData_ExcelSheets" name="SwagLabsLogin" time="3.425"/>
  <testcase classname="dataDrivenFrameWork.SwagTestData_ExcelSheets" name="SwagLabsLogin" time="3.327"/>
  <testcase classname="dataDrivenFrameWork.SwagTestData_ExcelSheets" name="SwagLabsLogin" time="2.120"/>
  <testcase classname="dataDrivenFrameWork.SwagTestData_ExcelSheets" name="SwagLabsLogin" time="3.193"/>
  <testcase classname="dataDrivenFrameWork.SwagTestData_ExcelSheets" name="SwagLabsLogin" time="2.278"/>
  <testcase classname="dataDrivenFrameWork.SwagTestData_ExcelSheets" name="SwagLabsLogin" time="2.110"/>
</testsuite> <!-- dataDrivenFrameWork.SwagTestData_ExcelSheets -->
