<?xml version="1.0" encoding="UTF-8"?>
<!-- Generated by org.testng.reporters.JUnitReportReporter -->
<testsuite hostname="DESKTOP-DCUKDOL" failures="0" tests="12" name="testNG.Swag_Parameters" time="57.697" errors="0" timestamp="2026-03-04T16:37:27 IST" skipped="0">
  <testcase classname="testNG.Swag_Parameters" name="ValidValidLogin" time="2.512"/>
  <testcase classname="testNG.Swag_Parameters" name="ValidValidLogin" time="11.558"/>
  <testcase classname="testNG.Swag_Parameters" name="ValidValidLogin" time="2.469"/>
  <testcase classname="testNG.Swag_Parameters" name="InvalidLogin" time="8.678"/>
  <testcase classname="testNG.Swag_Parameters" name="InvalidLogin" time="2.879"/>
  <testcase classname="testNG.Swag_Parameters" name="InvalidLogin" time="2.340"/>
  <testcase classname="testNG.Swag_Parameters" name="ValidInvalidLogin" time="2.503"/>
  <testcase classname="testNG.Swag_Parameters" name="ValidInvalidLogin" time="2.999"/>
  <testcase classname="testNG.Swag_Parameters" name="ValidInvalidLogin" time="8.380"/>
  <testcase classname="testNG.Swag_Parameters" name="InValidvalidLogin" time="1.960"/>
  <testcase classname="testNG.Swag_Parameters" name="InValidvalidLogin" time="9.184"/>
  <testcase classname="testNG.Swag_Parameters" name="InValidvalidLogin" time="2.235"/>
</testsuite> <!-- testNG.Swag_Parameters -->
