<?xml version="1.0" encoding="UTF-8"?>
<!-- Generated by org.testng.reporters.JUnitReportReporter -->
<testsuite hostname="DESKTOP-DCUKDOL" failures="0" tests="12" name="testNG.SampaleTestNG" time="0.023" errors="0" timestamp="2026-02-26T12:55:21 IST" skipped="1">
  <testcase classname="testNG.SampaleTestNG" name="India" time="0.016"/>
  <testcase classname="testNG.SampaleTestNG" name="Hyderabad" time="0.001"/>
  <testcase classname="testNG.SampaleTestNG" name="Ameerpet" time="0.001"/>
  <testcase classname="testNG.SampaleTestNG" name="Ameerpet" time="0.001"/>
  <testcase classname="testNG.SampaleTestNG" name="Ameerpet" time="0.001"/>
  <testcase classname="testNG.SampaleTestNG" name="Ameerpet" time="0.000"/>
  <testcase classname="testNG.SampaleTestNG" name="Ameerpet" time="0.001"/>
  <testcase classname="testNG.SampaleTestNG" name="Ameerpet" time="0.000"/>
  <testcase classname="testNG.SampaleTestNG" name="Ameerpet" time="0.000"/>
  <testcase classname="testNG.SampaleTestNG" name="Ameerpet" time="0.001"/>
  <testcase classname="testNG.SampaleTestNG" name="Ameerpet" time="0.001"/>
  <testcase classname="testNG.SampaleTestNG" name="Telangana">
    <skipped/>
  </testcase> <!-- Telangana -->
</testsuite> <!-- testNG.SampaleTestNG -->
