<?xml version="1.0" encoding="UTF-8"?>
<!-- Generated by org.testng.reporters.JUnitReportReporter -->
<testsuite hostname="DESKTOP-DCUKDOL" failures="0" tests="6" name="dataDrivenFrameWork.SwagTestData_ExcelExcepted_Assert" time="18.280" errors="0" timestamp="2026-03-09T13:03:04 IST" skipped="0">
  <testcase classname="dataDrivenFrameWork.SwagTestData_ExcelExcepted_Assert" name="loginTest" time="3.110"/>
  <testcase classname="dataDrivenFrameWork.SwagTestData_ExcelExcepted_Assert" name="loginTest" time="5.450"/>
  <testcase classname="dataDrivenFrameWork.SwagTestData_ExcelExcepted_Assert" name="loginTest" time="2.448"/>
  <testcase classname="dataDrivenFrameWork.SwagTestData_ExcelExcepted_Assert" name="loginTest" time="2.441"/>
  <testcase classname="dataDrivenFrameWork.SwagTestData_ExcelExcepted_Assert" name="loginTest" time="2.412"/>
  <testcase classname="dataDrivenFrameWork.SwagTestData_ExcelExcepted_Assert" name="loginTest" time="2.419"/>
</testsuite> <!-- dataDrivenFrameWork.SwagTestData_ExcelExcepted_Assert -->
