<?xml version="1.0" encoding="UTF-8"?>
<!-- Generated by org.testng.reporters.JUnitReportReporter -->
<testsuite hostname="DESKTOP-DCUKDOL" failures="0" tests="9" name="testClass.TestRunnerClass" time="20.751" errors="0" timestamp="2026-03-11T12:38:58 IST" skipped="0">
  <testcase classname="testClass.TestRunnerClass" name="loginTest" time="2.555"/>
  <testcase classname="testClass.TestRunnerClass" name="loginTest" time="1.971"/>
  <testcase classname="testClass.TestRunnerClass" name="loginTest" time="1.891"/>
  <testcase classname="testClass.TestRunnerClass" name="loginTest" time="2.126"/>
  <testcase classname="testClass.TestRunnerClass" name="loginTest" time="1.567"/>
  <testcase classname="testClass.TestRunnerClass" name="loginTest" time="2.302"/>
  <testcase classname="testClass.TestRunnerClass" name="loginTest" time="4.228"/>
  <testcase classname="testClass.TestRunnerClass" name="loginTest" time="2.035"/>
  <testcase classname="testClass.TestRunnerClass" name="loginTest" time="2.076"/>
</testsuite> <!-- testClass.TestRunnerClass -->
