<?xml version="1.0" encoding="UTF-8"?>
<!-- Generated by org.testng.reporters.JUnitReportReporter -->
<testsuite hostname="DESKTOP-DCUKDOL" failures="0" tests="9" name="testClass.TestRunnerClass" time="20.066" errors="0" timestamp="2026-03-12T18:00:38 IST" skipped="0">
  <testcase classname="testClass.TestRunnerClass" name="loginTest" time="2.592"/>
  <testcase classname="testClass.TestRunnerClass" name="loginTest" time="2.286"/>
  <testcase classname="testClass.TestRunnerClass" name="loginTest" time="2.244"/>
  <testcase classname="testClass.TestRunnerClass" name="loginTest" time="2.287"/>
  <testcase classname="testClass.TestRunnerClass" name="loginTest" time="1.939"/>
  <testcase classname="testClass.TestRunnerClass" name="loginTest" time="2.080"/>
  <testcase classname="testClass.TestRunnerClass" name="loginTest" time="2.031"/>
  <testcase classname="testClass.TestRunnerClass" name="loginTest" time="2.577"/>
  <testcase classname="testClass.TestRunnerClass" name="loginTest" time="2.030"/>
</testsuite> <!-- testClass.TestRunnerClass -->
